<?xml version="1.0" encoding="UTF-8"?>
<!-- Generated by org.testng.reporters.JUnitReportReporter -->
<testsuite hostname="DESKTOP-H45HFI9" failures="0" tests="2" name="testNGAnnotation_Flag.AnnotationClass" time="0.041" errors="0" timestamp="2023-07-19T15:46:55 IST" skipped="0">
  <testcase classname="testNGAnnotation_Flag.AnnotationClass" name="method10" time="0.008">
    <system-out>
      <![CDATA[TestAnnotation2]]>
    </system-out>
  </testcase> <!-- method10 -->
  <testcase classname="testNGAnnotation_Flag.AnnotationClass" name="method1" time="0.033">
    <system-out>
      <![CDATA[Test Annotation]]>
    </system-out>
  </testcase> <!-- method1 -->
  <system-out>
    <![CDATA[BeforeSuiteAnnotation
BeforeTestAnnotation
BeforeclassAnnotation
BeforeMethodAnnotation
Test Annotation
AfterMethodAnnotation
BeforeMethodAnnotation
TestAnnotation2
AfterMethodAnnotation
AfterClassAnnotation
AfterTestAnnotation
AfterSuiteAnnotation]]>
  </system-out>
</testsuite> <!-- testNGAnnotation_Flag.AnnotationClass -->
