<?xml version="1.0" encoding="UTF-8"?>
<!-- Generated by org.testng.reporters.JUnitReportReporter -->
<testsuite hostname="DESKTOP-H45HFI9" failures="0" tests="2" name="testNGPackage2.Demo1" time="0.009" errors="0" timestamp="2023-07-18T21:43:15 IST" skipped="0">
  <testcase classname="testNGPackage2.Demo1" name="method1" time="0.006">
    <system-out>
      <![CDATA[This is method1]]>
    </system-out>
  </testcase> <!-- method1 -->
  <testcase classname="testNGPackage2.Demo1" name="method2" time="0.003">
    <system-out>
      <![CDATA[This is method2]]>
    </system-out>
  </testcase> <!-- method2 -->
  <system-out>
    <![CDATA[This is method3
This is method4
This is method5
This is method6
This is method1
This is method2]]>
  </system-out>
</testsuite> <!-- testNGPackage2.Demo1 -->
