<?xml version="1.0" encoding="UTF-8"?>
<!-- Generated by org.testng.reporters.JUnitReportReporter -->
<testsuite hostname="DESKTOP-H45HFI9" failures="0" tests="1" name="testNG.Sumo" time="0.018" errors="0" timestamp="2023-07-15T15:41:51 IST" skipped="0">
  <testcase classname="testNG.Sumo" name="f" time="0.018">
    <system-out>
      <![CDATA[This is Semo TestNG class!!]]>
    </system-out>
  </testcase> <!-- f -->
  <system-out>
    <![CDATA[This is Semo TestNG class!!
This is Remo TestNG class!!
This is Demo TestNG class!!]]>
  </system-out>
</testsuite> <!-- testNG.Sumo -->
